TN:
SF:/Users/idohalevi/Integrations/logzio-nodejs/index.js
FNF:0
FNH:0
DA:2,0
LF:1
LH:0
BRF:0
BRH:0
end_of_record
TN:
SF:/Users/idohalevi/Integrations/logzio-nodejs/lib/logzio-nodejs.js
FN:9,(anonymous_0)
FN:63,(anonymous_1)
FN:69,(anonymous_2)
FN:73,(anonymous_3)
FN:77,(anonymous_4)
FN:83,(anonymous_5)
FN:94,(anonymous_6)
FN:101,(anonymous_7)
FN:106,(anonymous_8)
FN:110,(anonymous_9)
FN:128,(anonymous_10)
FN:152,(anonymous_11)
FN:162,(anonymous_12)
FN:184,(anonymous_13)
FN:198,(anonymous_14)
FN:209,(anonymous_15)
FN:217,(anonymous_16)
FN:221,(anonymous_17)
FN:237,(anonymous_18)
FN:253,(anonymous_19)
FN:257,tryAgainIn
FN:259,(anonymous_21)
FN:265,(anonymous_22)
FNF:23
FNH:22
FNDA:20,(anonymous_0)
FNDA:20,(anonymous_1)
FNDA:127,(anonymous_2)
FNDA:0,(anonymous_3)
FNDA:2,(anonymous_4)
FNDA:1,(anonymous_5)
FNDA:21,(anonymous_6)
FNDA:1,(anonymous_7)
FNDA:6,(anonymous_8)
FNDA:1,(anonymous_9)
FNDA:19,(anonymous_10)
FNDA:136,(anonymous_11)
FNDA:137,(anonymous_12)
FNDA:23,(anonymous_13)
FNDA:17,(anonymous_14)
FNDA:18,(anonymous_15)
FNDA:75,(anonymous_16)
FNDA:18,(anonymous_17)
FNDA:1,(anonymous_18)
FNDA:18,(anonymous_19)
FNDA:1,tryAgainIn
FNDA:1,(anonymous_21)
FNDA:18,(anonymous_22)
DA:1,1
DA:2,1
DA:3,1
DA:4,1
DA:5,1
DA:7,1
DA:9,1
DA:10,20
DA:11,0
DA:14,20
DA:15,20
DA:16,20
DA:17,20
DA:18,20
DA:19,20
DA:20,20
DA:21,20
DA:22,20
DA:23,20
DA:24,20
DA:25,20
DA:26,20
DA:28,20
DA:33,20
DA:34,20
DA:35,0
DA:37,20
DA:39,20
DA:40,4
DA:48,20
DA:53,20
DA:56,20
DA:58,20
DA:59,20
DA:60,20
DA:63,1
DA:64,20
DA:65,20
DA:66,20
DA:69,1
DA:70,127
DA:71,127
DA:73,0
DA:77,1
DA:78,2
DA:79,0
DA:83,1
DA:84,1
DA:85,1
DA:86,1
DA:87,1
DA:89,1
DA:90,1
DA:94,1
DA:95,21
DA:96,1
DA:97,1
DA:100,21
DA:101,21
DA:102,1
DA:106,1
DA:107,6
DA:108,6
DA:110,6
DA:111,1
DA:112,1
DA:113,1
DA:117,6
DA:119,10
DA:120,10
DA:121,10
DA:123,10
DA:124,10
DA:128,1
DA:130,19
DA:133,19
DA:134,3
DA:135,3
DA:138,19
DA:139,3
DA:143,19
DA:152,1
DA:153,136
DA:154,136
DA:156,136
DA:157,1
DA:158,1
DA:162,1
DA:163,137
DA:164,1
DA:166,136
DA:167,12
DA:171,136
DA:172,136
DA:173,135
DA:175,136
DA:177,136
DA:178,136
DA:179,18
DA:180,18
DA:184,1
DA:186,23
DA:187,6
DA:188,6
DA:190,17
DA:191,17
DA:192,17
DA:195,23
DA:198,1
DA:199,17
DA:201,17
DA:202,17
DA:203,17
DA:204,17
DA:206,17
DA:209,1
DA:210,18
DA:211,18
DA:212,127
DA:214,18
DA:217,1
DA:218,75
DA:221,1
DA:222,18
DA:223,18
DA:235,18
DA:236,1
DA:237,1
DA:238,1
DA:239,1
DA:241,0
DA:243,1
DA:247,18
DA:248,2
DA:250,18
DA:253,1
DA:254,18
DA:255,18
DA:258,1
DA:259,1
DA:260,1
DA:264,18
DA:265,18
DA:266,18
DA:268,1
DA:269,1
DA:270,0
DA:272,1
DA:273,1
DA:274,1
DA:275,1
DA:276,1
DA:279,0
DA:282,17
DA:283,17
DA:284,1
DA:286,16
DA:287,16
DA:292,0
LF:159
LH:151
BRDA:10,0,0,0
BRDA:10,0,1,20
BRDA:10,1,0,20
BRDA:10,1,1,20
BRDA:15,2,0,20
BRDA:15,2,1,0
BRDA:17,3,0,20
BRDA:17,3,1,0
BRDA:18,4,0,20
BRDA:18,4,1,0
BRDA:19,5,0,20
BRDA:19,5,1,0
BRDA:20,6,0,20
BRDA:20,6,1,0
BRDA:21,7,0,20
BRDA:21,7,1,20
BRDA:24,8,0,20
BRDA:24,8,1,20
BRDA:25,9,0,20
BRDA:25,9,1,19
BRDA:26,10,0,20
BRDA:26,10,1,19
BRDA:33,11,0,20
BRDA:33,11,1,16
BRDA:34,12,0,0
BRDA:34,12,1,20
BRDA:37,13,0,20
BRDA:37,13,1,20
BRDA:39,14,0,4
BRDA:39,14,1,16
BRDA:48,15,0,20
BRDA:48,15,1,6
BRDA:60,16,0,20
BRDA:60,16,1,17
BRDA:78,17,0,0
BRDA:78,17,1,2
BRDA:78,18,0,2
BRDA:78,18,1,0
BRDA:84,19,0,1
BRDA:84,19,1,1
BRDA:89,20,0,1
BRDA:89,20,1,0
BRDA:95,21,0,1
BRDA:95,21,1,20
BRDA:111,22,0,1
BRDA:111,22,1,0
BRDA:133,23,0,3
BRDA:133,23,1,16
BRDA:138,24,0,3
BRDA:138,24,1,16
BRDA:154,25,0,136
BRDA:154,25,1,135
BRDA:156,26,0,1
BRDA:156,26,1,135
BRDA:158,27,0,1
BRDA:158,27,1,1
BRDA:163,28,0,1
BRDA:163,28,1,136
BRDA:166,29,0,12
BRDA:166,29,1,124
BRDA:172,30,0,135
BRDA:172,30,1,1
BRDA:178,31,0,18
BRDA:178,31,1,118
BRDA:186,32,0,6
BRDA:186,32,1,17
BRDA:218,33,0,75
BRDA:218,33,1,0
BRDA:235,34,0,1
BRDA:235,34,1,17
BRDA:238,35,0,1
BRDA:238,35,1,0
BRDA:247,36,0,2
BRDA:247,36,1,16
BRDA:266,37,0,1
BRDA:266,37,1,17
BRDA:268,38,0,1
BRDA:268,38,1,0
BRDA:268,39,0,1
BRDA:268,39,1,1
BRDA:268,39,2,1
BRDA:268,39,3,0
BRDA:269,40,0,0
BRDA:269,40,1,1
BRDA:283,41,0,1
BRDA:283,41,1,16
BRF:86
BRH:70
end_of_record
